Build started 2017/4/1 12:28:49.
     1>Project "D:\workSpace\ImageClipper\ImageClipper\ImageClipper.vcxproj" on node 2 (Build target(s)).
     1>ClCompile:
         C:\Program Files (x86)\Microsoft Visual Studio 11.0\VC\bin\CL.exe /c /ZI /nologo /W3 /WX- /sdl /Od /Oy- /D WIN32 /D _WINDOWS /D _DEBUG /D _UNICODE /D UNICODE /D _AFXDLL /Gm /EHsc /RTC1 /MDd /GS /fp:precise /Zc:wchar_t /Zc:forScope /Yu"stdafx.h" /Fp"Debug\ImageClipper.pch" /Fo"Debug\\" /Fd"Debug\vc110.pdb" /Gd /TP /analyze- /errorReport:prompt ImageClipper.cpp ImageClipperDoc.cpp ImageClipperView.cpp
         ImageClipperView.cpp
         ImageClipperDoc.cpp
         Generating Code...
         Skipping... (no relevant changes detected)
         ImageClipper.cpp
       Link:
         C:\Program Files (x86)\Microsoft Visual Studio 11.0\VC\bin\link.exe /ERRORREPORT:PROMPT /OUT:"D:\workSpace\ImageClipper\Debug\ImageClipper.exe" /INCREMENTAL /NOLOGO /MANIFEST /MANIFESTUAC:"level='asInvoker' uiAccess='false'" /manifest:embed /manifestinput:"C:\Program Files (x86)\Microsoft Visual Studio 11.0\VC\Include\Manifest\dpiaware.manifest" /DEBUG /PDB:"D:\workSpace\ImageClipper\Debug\ImageClipper.pdb" /SUBSYSTEM:WINDOWS /TLBID:1 /ENTRY:"wWinMainCRTStartup" /DYNAMICBASE /NXCOMPAT /IMPLIB:"D:\workSpace\ImageClipper\Debug\ImageClipper.lib" /MACHINE:X86 Debug\ImageClipper.res
         Debug\ImageClipper.obj
         Debug\ImageClipperDoc.obj
         Debug\ImageClipperView.obj
         Debug\MainFrm.obj
         Debug\stdafx.obj
         ImageClipper.vcxproj -> D:\workSpace\ImageClipper\Debug\ImageClipper.exe
     1>Done Building Project "D:\workSpace\ImageClipper\ImageClipper\ImageClipper.vcxproj" (Build target(s)).

Build succeeded.

Time Elapsed 00:00:01.96
